c:\tfs\rmiprod\zz_apprentice_team\_projects\herrmann\2.16 hangman\2.16 hangman\x64\debug\vc143.pdb
c:\tfs\rmiprod\zz_apprentice_team\_projects\herrmann\2.16 hangman\2.16 hangman\x64\debug\vc143.idb
c:\tfs\rmiprod\zz_apprentice_team\_projects\herrmann\2.16 hangman\2.16 hangman\x64\debug\wordmodifier.obj
c:\tfs\rmiprod\zz_apprentice_team\_projects\herrmann\2.16 hangman\2.16 hangman\x64\debug\main.obj
c:\tfs\rmiprod\zz_apprentice_team\_projects\herrmann\2.16 hangman\2.16 hangman\x64\debug\gamelogic.obj
c:\tfs\rmiprod\zz_apprentice_team\_projects\herrmann\2.16 hangman\2.16 hangman\x64\debug\wordbank.obj
c:\tfs\rmiprod\zz_apprentice_team\_projects\herrmann\2.16 hangman\2.16 hangman\x64\debug\validator.obj
c:\tfs\rmiprod\zz_apprentice_team\_projects\herrmann\2.16 hangman\2.16 hangman\x64\debug\highscores.obj
c:\tfs\rmiprod\zz_apprentice_team\_projects\herrmann\2.16 hangman\2.16 hangman\x64\debug\highscoreentry.obj
c:\tfs\rmiprod\zz_apprentice_team\_projects\herrmann\2.16 hangman\2.16 hangman\x64\debug\drawingtool.obj
c:\tfs\rmiprod\zz_apprentice_team\_projects\herrmann\2.16 hangman\x64\debug\2.16 hangman.exe
c:\tfs\rmiprod\zz_apprentice_team\_projects\herrmann\2.16 hangman\x64\debug\2.16 hangman.pdb
c:\tfs\rmiprod\zz_apprentice_team\_projects\herrmann\2.16 hangman\2.16 hangman\x64\debug\2.16 hangman.ilk
c:\tfs\rmiprod\zz_apprentice_team\_projects\herrmann\2.16 hangman\2.16 hangman\x64\debug\2.16 hangman.tlog\cl.command.1.tlog
c:\tfs\rmiprod\zz_apprentice_team\_projects\herrmann\2.16 hangman\2.16 hangman\x64\debug\2.16 hangman.tlog\cl.items.tlog
c:\tfs\rmiprod\zz_apprentice_team\_projects\herrmann\2.16 hangman\2.16 hangman\x64\debug\2.16 hangman.tlog\cl.read.1.tlog
c:\tfs\rmiprod\zz_apprentice_team\_projects\herrmann\2.16 hangman\2.16 hangman\x64\debug\2.16 hangman.tlog\cl.write.1.tlog
c:\tfs\rmiprod\zz_apprentice_team\_projects\herrmann\2.16 hangman\2.16 hangman\x64\debug\2.16 hangman.tlog\link.command.1.tlog
c:\tfs\rmiprod\zz_apprentice_team\_projects\herrmann\2.16 hangman\2.16 hangman\x64\debug\2.16 hangman.tlog\link.read.1.tlog
c:\tfs\rmiprod\zz_apprentice_team\_projects\herrmann\2.16 hangman\2.16 hangman\x64\debug\2.16 hangman.tlog\link.secondary.1.tlog
c:\tfs\rmiprod\zz_apprentice_team\_projects\herrmann\2.16 hangman\2.16 hangman\x64\debug\2.16 hangman.tlog\link.write.1.tlog
